[12-Oct-2025 01:58:18 UTC] Erreur PHP: session_start(): Ignoring session_start() because a session is already active dans C:\wamp64\www\hotel\config.php à la ligne 6
[12-Oct-2025 01:58:36 UTC] Erreur PHP: session_start(): Ignoring session_start() because a session is already active dans C:\wamp64\www\hotel\config.php à la ligne 6
[12-Oct-2025 01:59:15 UTC] Erreur PHP: session_start(): Ignoring session_start() because a session is already active dans C:\wamp64\www\hotel\config.php à la ligne 6
[12-Oct-2025 02:06:19 UTC] Erreur PHP: session_start(): Ignoring session_start() because a session is already active dans C:\wamp64\www\hotel\config.php à la ligne 6
[12-Oct-2025 02:24:18 UTC] Nombre total de réservations en base: 1
[12-Oct-2025 02:36:04 UTC] Nombre total de réservations en base: 1
[12-Oct-2025 02:40:06 UTC] PHP Fatal error:  Cannot redeclare requireAuth() (previously declared in C:\wamp64\www\hotel\admin-reservations.php:422) in C:\wamp64\www\hotel\config.php on line 45
[12-Oct-2025 02:40:06 UTC] PHP Stack trace:
[12-Oct-2025 02:40:06 UTC] PHP   1. {main}() C:\wamp64\www\hotel\admin-reservations.php:0
[12-Oct-2025 02:48:43 UTC] PHP Fatal error:  Cannot redeclare requireAuth() (previously declared in C:\wamp64\www\hotel\admin-reservations.php:384) in C:\wamp64\www\hotel\config.php on line 45
[12-Oct-2025 02:48:43 UTC] PHP Stack trace:
[12-Oct-2025 02:48:43 UTC] PHP   1. {main}() C:\wamp64\www\hotel\admin-reservations.php:0
[12-Oct-2025 02:53:57 UTC] PHP Fatal error:  Cannot redeclare requireAuth() (previously declared in C:\wamp64\www\hotel\config.php:45) in C:\wamp64\www\hotel\admin-reservations.php on line 288
[12-Oct-2025 02:53:57 UTC] PHP Stack trace:
[12-Oct-2025 02:53:57 UTC] PHP   1. {main}() C:\wamp64\www\hotel\admin-reservations.php:0
[12-Oct-2025 03:01:04 UTC] PHP Fatal error:  Cannot redeclare requireAuth() (previously declared in C:\wamp64\www\hotel\config.php:45) in C:\wamp64\www\hotel\admin-reservations.php on line 326
[12-Oct-2025 03:01:04 UTC] PHP Stack trace:
[12-Oct-2025 03:01:04 UTC] PHP   1. {main}() C:\wamp64\www\hotel\admin-reservations.php:0
[12-Oct-2025 03:08:58 UTC] PHP Fatal error:  Cannot redeclare requireAuth() (previously declared in C:\wamp64\www\hotel\config.php:45) in C:\wamp64\www\hotel\admin-reservations.php on line 326
[12-Oct-2025 03:08:58 UTC] PHP Stack trace:
[12-Oct-2025 03:08:58 UTC] PHP   1. {main}() C:\wamp64\www\hotel\admin-reservations.php:0
[12-Oct-2025 03:09:27 UTC] PHP Fatal error:  Cannot redeclare requireAuth() (previously declared in C:\wamp64\www\hotel\config.php:45) in C:\wamp64\www\hotel\admin-reservations.php on line 326
[12-Oct-2025 03:09:27 UTC] PHP Stack trace:
[12-Oct-2025 03:09:27 UTC] PHP   1. {main}() C:\wamp64\www\hotel\admin-reservations.php:0
[12-Oct-2025 03:09:33 UTC] PHP Fatal error:  Cannot redeclare requireAuth() (previously declared in C:\wamp64\www\hotel\config.php:45) in C:\wamp64\www\hotel\admin-reservations.php on line 326
[12-Oct-2025 03:09:33 UTC] PHP Stack trace:
[12-Oct-2025 03:09:33 UTC] PHP   1. {main}() C:\wamp64\www\hotel\admin-reservations.php:0
[12-Oct-2025 03:09:43 UTC] PHP Fatal error:  Cannot redeclare requireAuth() (previously declared in C:\wamp64\www\hotel\config.php:45) in C:\wamp64\www\hotel\admin-reservations.php on line 326
[12-Oct-2025 03:09:43 UTC] PHP Stack trace:
[12-Oct-2025 03:09:43 UTC] PHP   1. {main}() C:\wamp64\www\hotel\admin-reservations.php:0
[12-Oct-2025 03:09:59 UTC] PHP Fatal error:  Cannot redeclare requireAuth() (previously declared in C:\wamp64\www\hotel\config.php:45) in C:\wamp64\www\hotel\admin-reservations.php on line 326
[12-Oct-2025 03:09:59 UTC] PHP Stack trace:
[12-Oct-2025 03:09:59 UTC] PHP   1. {main}() C:\wamp64\www\hotel\admin-reservations.php:0
